2022-01-05 16:21:32 INFO     Logging system initialized 

2022-01-05 16:21:33 INFO     Data structure loaded succesfully from JSON file
2022-01-05 16:21:33 INFO     Number of cities in the JSON file: 209579
2022-01-05 16:21:33 INFO     List of cities obtained
2022-01-05 16:21:33 INFO     OpenWeather API response code: 200
2022-01-05 16:21:34 INFO     OpenWeather API response JSON:
{
    "base": "stations",
    "clouds": {
        "all": 75
    },
    "cod": 200,
    "coord": {
        "lat": 43.4647,
        "lon": -3.8044
    },
    "dt": 1641396092,
    "id": 3109718,
    "main": {
        "feels_like": 282.45,
        "humidity": 71,
        "pressure": 1016,
        "temp": 282.69,
        "temp_max": 283.41,
        "temp_min": 281.66
    },
    "name": "Santander",
    "rain": {
        "1h": 0.27
    },
    "sys": {
        "country": "ES",
        "id": 2008268,
        "sunrise": 1641368881,
        "sunset": 1641401562,
        "type": 2
    },
    "timezone": 3600,
    "visibility": 10000,
    "weather": [
        {
            "description": "light rain",
            "icon": "10d",
            "id": 500,
            "main": "Rain"
        }
    ],
    "wind": {
        "deg": 101,
        "gust": 5.36,
        "speed": 1.34
    }
}
